<?xml version="1.0" encoding="UTF-8"?>
<testsuite name="RobotTest" tests="3" skipped="0" failures="0" errors="0" timestamp="2017-01-06T15:45:45" hostname="NGD22772" time="0.005">
  <properties/>
  <testcase name="differentRobotsHaveDifferentNames" classname="RobotTest" time="0.004"/>
  <testcase name="hasName" classname="RobotTest" time="0.001"/>
  <testcase name="resetName" classname="RobotTest" time="0.0"/>
  <system-out><![CDATA[]]></system-out>
  <system-err><![CDATA[]]></system-err>
</testsuite>
